Сборка начата 04.10.2016 10:52:39.
     1>Проект "E:\Учеба\osisp\Paint\Paint\Paint.vcxproj" в узле 2 (целевые объекты Rebuild).
     1>ClCompile:
         E:\PRograms\Visual Studio\VC\bin\CL.exe /c /ZI /nologo /W3 /WX- /Od /Oy- /D WIN32 /D _DEBUG /D _WINDOWS /D _UNICODE /D UNICODE /Gm /EHsc /RTC1 /MDd /GS /fp:precise /Zc:wchar_t /Zc:forScope /Fo"Debug\\" /Fd"Debug\vc120.pdb" /Gd /TP /analyze- /errorReport:prompt Dialog.cpp Draw.cpp main.cpp Window.cpp
         Window.cpp
     1>e:\учеба\osisp\paint\paint\draw.cpp(78): warning C4244: аргумент: преобразование "double" в "int", возможна потеря данных
     1>e:\учеба\osisp\paint\paint\draw.cpp(86): warning C4244: аргумент: преобразование "double" в "int", возможна потеря данных
     1>e:\учеба\osisp\paint\paint\draw.cpp(95): warning C4244: аргумент: преобразование "double" в "int", возможна потеря данных
     1>e:\учеба\osisp\paint\paint\draw.cpp(138): warning C4244: аргумент: преобразование "double" в "int", возможна потеря данных
     1>e:\учеба\osisp\paint\paint\draw.cpp(184): warning C4244: аргумент: преобразование "double" в "int", возможна потеря данных
     1>e:\учеба\osisp\paint\paint\draw.cpp(199): warning C4244: /=: преобразование "double" в "int", возможна потеря данных
     1>e:\учеба\osisp\paint\paint\draw.cpp(200): warning C4244: /=: преобразование "double" в "int", возможна потеря данных
     1>e:\учеба\osisp\paint\paint\draw.cpp(201): warning C4244: /=: преобразование "double" в "int", возможна потеря данных
     1>e:\учеба\osisp\paint\paint\draw.cpp(202): warning C4244: /=: преобразование "double" в "int", возможна потеря данных
     1>e:\учеба\osisp\paint\paint\draw.cpp(212): warning C4244: /=: преобразование "double" в "int", возможна потеря данных
     1>e:\учеба\osisp\paint\paint\draw.cpp(213): warning C4244: /=: преобразование "double" в "int", возможна потеря данных
     1>e:\учеба\osisp\paint\paint\window.cpp(97): warning C4244: аргумент: преобразование "double" в "int", возможна потеря данных
     1>e:\учеба\osisp\paint\paint\window.cpp(156): warning C4244: =: преобразование "double" в "int", возможна потеря данных
     1>e:\учеба\osisp\paint\paint\window.cpp(157): warning C4244: =: преобразование "double" в "int", возможна потеря данных
     1>e:\учеба\osisp\paint\paint\window.cpp(158): warning C4244: =: преобразование "double" в "int", возможна потеря данных
     1>e:\учеба\osisp\paint\paint\window.cpp(159): warning C4244: =: преобразование "double" в "int", возможна потеря данных
     1>e:\учеба\osisp\paint\paint\window.cpp(272): warning C4244: аргумент: преобразование "double" в "int", возможна потеря данных
         main.cpp
     1>e:\учеба\osisp\paint\paint\draw.cpp(78): warning C4244: аргумент: преобразование "double" в "int", возможна потеря данных
     1>e:\учеба\osisp\paint\paint\draw.cpp(86): warning C4244: аргумент: преобразование "double" в "int", возможна потеря данных
     1>e:\учеба\osisp\paint\paint\draw.cpp(95): warning C4244: аргумент: преобразование "double" в "int", возможна потеря данных
     1>e:\учеба\osisp\paint\paint\draw.cpp(138): warning C4244: аргумент: преобразование "double" в "int", возможна потеря данных
     1>e:\учеба\osisp\paint\paint\draw.cpp(184): warning C4244: аргумент: преобразование "double" в "int", возможна потеря данных
     1>e:\учеба\osisp\paint\paint\draw.cpp(199): warning C4244: /=: преобразование "double" в "int", возможна потеря данных
     1>e:\учеба\osisp\paint\paint\draw.cpp(200): warning C4244: /=: преобразование "double" в "int", возможна потеря данных
     1>e:\учеба\osisp\paint\paint\draw.cpp(201): warning C4244: /=: преобразование "double" в "int", возможна потеря данных
     1>e:\учеба\osisp\paint\paint\draw.cpp(202): warning C4244: /=: преобразование "double" в "int", возможна потеря данных
     1>e:\учеба\osisp\paint\paint\draw.cpp(212): warning C4244: /=: преобразование "double" в "int", возможна потеря данных
     1>e:\учеба\osisp\paint\paint\draw.cpp(213): warning C4244: /=: преобразование "double" в "int", возможна потеря данных
     1>e:\учеба\osisp\paint\paint\window.cpp(97): warning C4244: аргумент: преобразование "double" в "int", возможна потеря данных
     1>e:\учеба\osisp\paint\paint\window.cpp(156): warning C4244: =: преобразование "double" в "int", возможна потеря данных
     1>e:\учеба\osisp\paint\paint\window.cpp(157): warning C4244: =: преобразование "double" в "int", возможна потеря данных
     1>e:\учеба\osisp\paint\paint\window.cpp(158): warning C4244: =: преобразование "double" в "int", возможна потеря данных
     1>e:\учеба\osisp\paint\paint\window.cpp(159): warning C4244: =: преобразование "double" в "int", возможна потеря данных
     1>e:\учеба\osisp\paint\paint\window.cpp(272): warning C4244: аргумент: преобразование "double" в "int", возможна потеря данных
         Draw.cpp
     1>e:\учеба\osisp\paint\paint\draw.cpp(78): warning C4244: аргумент: преобразование "double" в "int", возможна потеря данных
     1>e:\учеба\osisp\paint\paint\draw.cpp(86): warning C4244: аргумент: преобразование "double" в "int", возможна потеря данных
     1>e:\учеба\osisp\paint\paint\draw.cpp(95): warning C4244: аргумент: преобразование "double" в "int", возможна потеря данных
     1>e:\учеба\osisp\paint\paint\draw.cpp(138): warning C4244: аргумент: преобразование "double" в "int", возможна потеря данных
     1>e:\учеба\osisp\paint\paint\draw.cpp(184): warning C4244: аргумент: преобразование "double" в "int", возможна потеря данных
     1>e:\учеба\osisp\paint\paint\draw.cpp(199): warning C4244: /=: преобразование "double" в "int", возможна потеря данных
     1>e:\учеба\osisp\paint\paint\draw.cpp(200): warning C4244: /=: преобразование "double" в "int", возможна потеря данных
     1>e:\учеба\osisp\paint\paint\draw.cpp(201): warning C4244: /=: преобразование "double" в "int", возможна потеря данных
     1>e:\учеба\osisp\paint\paint\draw.cpp(202): warning C4244: /=: преобразование "double" в "int", возможна потеря данных
     1>e:\учеба\osisp\paint\paint\draw.cpp(212): warning C4244: /=: преобразование "double" в "int", возможна потеря данных
     1>e:\учеба\osisp\paint\paint\draw.cpp(213): warning C4244: /=: преобразование "double" в "int", возможна потеря данных
         Dialog.cpp
         Создание кода...
       ResourceCompile:
         C:\Program Files (x86)\Windows Kits\8.1\bin\x86\rc.exe /D _UNICODE /D UNICODE /l"0x0409" /nologo /fo"Debug\Paint.res" Paint.rc 
       Link:
         E:\PRograms\Visual Studio\VC\bin\link.exe /ERRORREPORT:PROMPT /OUT:"E:\Учеба\osisp\Paint\Debug\Paint.exe" /INCREMENTAL /NOLOGO kernel32.lib user32.lib gdi32.lib winspool.lib comdlg32.lib advapi32.lib shell32.lib ole32.lib oleaut32.lib uuid.lib odbc32.lib odbccp32.lib /MANIFEST /MANIFESTUAC:"level='asInvoker' uiAccess='false'" /manifest:embed /DEBUG /PDB:"E:\Учеба\osisp\Paint\Debug\Paint.pdb" /SUBSYSTEM:WINDOWS /TLBID:1 /DYNAMICBASE /NXCOMPAT /IMPLIB:"E:\Учеба\osisp\Paint\Debug\Paint.lib" /MACHINE:X86 Debug\Paint.res
         Debug\Dialog.obj
         Debug\Draw.obj
         Debug\main.obj
         Debug\Window.obj
         Paint.vcxproj -> E:\Учеба\osisp\Paint\Debug\Paint.exe
     1>Сборка проекта "E:\Учеба\osisp\Paint\Paint\Paint.vcxproj" завершена (целевые объекты Rebuild).

Сборка успешно завершена.

Затраченное время: 00:00:09.67
